<?xml version="1.0" encoding="UTF-8"?>
<!-- Generated by org.testng.reporters.JUnitReportReporter -->
<testsuite hostname="Ronaldo7" failures="0" tests="1" name="test_package.Re_productpagetest" time="30.470" errors="0" timestamp="2025-05-06T16:33:27 IST" skipped="0">
  <testcase classname="test_package.Re_productpagetest" name="set" time="30.470"/>
</testsuite> <!-- test_package.Re_productpagetest -->
