<?xml version="1.0" encoding="UTF-8"?>
<!-- Generated by org.testng.reporters.JUnitReportReporter -->
<testsuite hostname="Ronaldo7" failures="0" tests="1" name="test_package.ReloginTest" time="28.573" errors="0" timestamp="2025-05-06T16:33:27 IST" skipped="0">
  <testcase classname="test_package.ReloginTest" name="datadriven" time="28.573"/>
</testsuite> <!-- test_package.ReloginTest -->
